#
# There is insufficient memory for the Java Runtime Environment to continue.
# Native memory allocation (mmap) failed to map 65536 bytes. Error detail: Failed to commit metaspace.
# Possible reasons:
#   The system is out of physical RAM or swap space
#   This process is running with CompressedOops enabled, and the Java Heap may be blocking the growth of the native heap
# Possible solutions:
#   Reduce memory load on the system
#   Increase physical memory or swap space
#   Check if swap backing store is full
#   Decrease Java heap size (-Xmx/-Xms)
#   Decrease number of Java threads
#   Decrease Java thread stack sizes (-Xss)
#   Set larger code cache with -XX:ReservedCodeCacheSize=
#   JVM is running with Unscaled Compressed Oops mode in which the Java heap is
#     placed in the first 4GB address space. The Java Heap base address is the
#     maximum limit for the native heap growth. Please use -XX:HeapBaseMinAddress
#     to set the Java Heap base and to place the Java Heap above 4GB virtual address.
# This output file may be truncated or incomplete.
#
#  Out of Memory Error (virtualSpaceNode.cpp:112), pid=20540, tid=14188
#
# JRE version: Java(TM) SE Runtime Environment (22.0.2+9) (build 22.0.2+9-70)
# Java VM: Java HotSpot(TM) 64-Bit Server VM (22.0.2+9-70, mixed mode, tiered, compressed oops, compressed class ptrs, g1 gc, windows-amd64)
# No core dump will be written. Minidumps are not enabled by default on client versions of Windows
#

---------------  S U M M A R Y ------------

Command Line: -Dfile.encoding=UTF-8 pos.pro.Home

Host: AMD Ryzen 5 5625U with Radeon Graphics         , 12 cores, 7G,  Windows 11 , 64 bit Build 26085 (10.0.26085.1)
Time: Sun Oct  6 13:43:30 2024 Sri Lanka Standard Time elapsed time: 0.184318 seconds (0d 0h 0m 0s)

---------------  T H R E A D  ---------------

Current thread (0x00000117174ad2f0):  JavaThread "main"             [_thread_in_vm, id=14188, stack(0x00000003e9700000,0x00000003e9800000) (1024K)]

Stack: [0x00000003e9700000,0x00000003e9800000]
Native frames: (J=compiled Java code, j=interpreted, Vv=VM code, C=native code)
V  [jvm.dll+0x6e26e9]  (no source info available)
V  [jvm.dll+0x875753]  (no source info available)
V  [jvm.dll+0x877b7e]  (no source info available)
V  [jvm.dll+0x878253]  (no source info available)
V  [jvm.dll+0x27fc86]  (no source info available)
V  [jvm.dll+0x87139e]  (no source info available)
V  [jvm.dll+0x685755]  (no source info available)
V  [jvm.dll+0x1e3cdc]  (no source info available)
V  [jvm.dll+0x1e3aae]  (no source info available)
V  [jvm.dll+0x6880a8]  (no source info available)
V  [jvm.dll+0x224f6c]  (no source info available)
V  [jvm.dll+0x68616e]  (no source info available)
V  [jvm.dll+0x269dbf]  (no source info available)
V  [jvm.dll+0x6903c4]  (no source info available)
V  [jvm.dll+0x2151c1]  (no source info available)
V  [jvm.dll+0x21564a]  (no source info available)
V  [jvm.dll+0x216071]  (no source info available)
V  [jvm.dll+0x20b3ae]  (no source info available)
V  [jvm.dll+0x5c4a8f]  (no source info available)
V  [jvm.dll+0x7ec826]  (no source info available)
V  [jvm.dll+0x47ce96]  (no source info available)
V  [jvm.dll+0x482d48]  (no source info available)
C  [java.dll+0x17e4]  (no source info available)
C  0x0000011728a1cf87  (no source info available)

The last pc belongs to native method entry point (kind = native) (printed below).
Java frames: (J=compiled Java code, j=interpreted, Vv=VM code)
j  java.lang.ClassLoader.defineClass1(Ljava/lang/ClassLoader;Ljava/lang/String;[BIILjava/security/ProtectionDomain;Ljava/lang/String;)Ljava/lang/Class;+0 java.base@22.0.2
j  java.lang.ClassLoader.defineClass(Ljava/lang/String;[BIILjava/security/ProtectionDomain;)Ljava/lang/Class;+27 java.base@22.0.2
j  java.security.SecureClassLoader.defineClass(Ljava/lang/String;[BIILjava/security/CodeSource;)Ljava/lang/Class;+12 java.base@22.0.2
j  jdk.internal.loader.BuiltinClassLoader.defineClass(Ljava/lang/String;Ljdk/internal/loader/Resource;)Ljava/lang/Class;+117 java.base@22.0.2
j  jdk.internal.loader.BuiltinClassLoader.findClassOnClassPathOrNull(Ljava/lang/String;)Ljava/lang/Class;+37 java.base@22.0.2
j  jdk.internal.loader.BuiltinClassLoader.loadClassOrNull(Ljava/lang/String;Z)Ljava/lang/Class;+111 java.base@22.0.2
j  jdk.internal.loader.BuiltinClassLoader.loadClass(Ljava/lang/String;Z)Ljava/lang/Class;+3 java.base@22.0.2
j  jdk.internal.loader.ClassLoaders$AppClassLoader.loadClass(Ljava/lang/String;Z)Ljava/lang/Class;+36 java.base@22.0.2
j  java.lang.ClassLoader.loadClass(Ljava/lang/String;)Ljava/lang/Class;+3 java.base@22.0.2
v  ~StubRoutines::call_stub 0x0000011728a1100d
j  java.lang.Class.getDeclaredMethods0(Z)[Ljava/lang/reflect/Method;+0 java.base@22.0.2
j  java.lang.Class.privateGetDeclaredMethods(Z)[Ljava/lang/reflect/Method;+34 java.base@22.0.2
j  java.lang.Class.getMethodsRecursive(Ljava/lang/String;[Ljava/lang/Class;ZZ)Ljava/lang/PublicMethods$MethodList;+3 java.base@22.0.2
j  java.lang.Class.findMethod(ZLjava/lang/String;[Ljava/lang/Class;)Ljava/lang/reflect/Method;+5 java.base@22.0.2
j  java.lang.System$2.findMethod(Ljava/lang/Class;ZLjava/lang/String;[Ljava/lang/Class;)Ljava/lang/reflect/Method;+5 java.base@22.0.2
j  jdk.internal.misc.MethodFinder.findMainMethod(Ljava/lang/Class;)Ljava/lang/reflect/Method;+28 java.base@22.0.2
j  sun.launcher.LauncherHelper.validateMainMethod(Ljava/lang/Class;)V+3 java.base@22.0.2
j  sun.launcher.LauncherHelper.checkAndLoadMain(ZILjava/lang/String;)Ljava/lang/Class;+80 java.base@22.0.2
v  ~StubRoutines::call_stub 0x0000011728a1100d
native method entry point (kind = native)  [0x0000011728a1cb60, 0x0000011728a1d680]  2848 bytes
[MachCode]
  0x0000011728a1cb60: 488b 4b08 | 0fb7 492e | 584c 8d74 | ccf8 6800 | 0000 0068 | 0000 0000 | 5055 488b | ec41 5568 
  0x0000011728a1cb80: 0000 0000 | 4c8b 6b08 | 4d8d 6d38 | 5348 8b53 | 0848 8b52 | 0848 8b52 | 1848 8b52 | 7048 8b12 
  0x0000011728a1cba0: 5248 8b53 | 1048 85d2 | 0f84 0700 | 0000 4881 | c210 0100 | 0052 488b | 5308 488b | 5208 488b 
  0x0000011728a1cbc0: 5210 5249 | 8bc6 482b | c548 c1e8 | 0350 6800 | 0000 0068 | f7ff ffff | 41c6 8781 | 0400 0001 
  0x0000011728a1cbe0: 488b 4310 | 4885 c074 | 208b 88cc | 0000 0083 | c102 8988 | cc00 0000 | 2388 e000 | 0000 0f84 
  0x0000011728a1cc00: cb09 0000 | e9cf 0000 | 0048 8b43 | 1848 85c0 | 0f85 b000 | 0000 e805 | 0000 00e9 | 9900 0000 
  0x0000011728a1cc20: 488b d348 | 8d44 2408 | 4c89 6dc0 | 498b cfc5 | f877 4989 | afb0 0300 | 0049 8987 | a003 0000 
  0x0000011728a1cc40: 4883 ec20 | 40f6 c40f | 0f84 1900 | 0000 4883 | ec08 48b8 | 00a7 5acc | f97f 0000 | ffd0 4883 
  0x0000011728a1cc60: c408 e90c | 0000 0048 | b800 a75a | ccf9 7f00 | 00ff d048 | 83c4 2049 | c787 a003 | 0000 0000 
  0x0000011728a1cc80: 0000 49c7 | 87b0 0300 | 0000 0000 | 0049 c787 | a803 0000 | 0000 0000 | c5f8 7749 | 837f 0800 
  0x0000011728a1cca0: 0f84 0500 | 0000 e955 | 42ff ff4c | 8b6d c04c | 8b75 c84e | 8d74 f500 | c348 8b43 | 1848 85c0 
  0x0000011728a1ccc0: 0f84 1200 | 0000 8b48 | 0883 c102 | 8948 0823 | 481c 0f84 | f708 0000 | 493b a7f0 | 0400 000f 
  0x0000011728a1cce0: 8748 0000 | 0089 8424 | 00f0 ffff | 8984 2400 | e0ff ff89 | 8424 00d0 | ffff 8984 | 2400 c0ff 
  0x0000011728a1cd00: ff89 8424 | 00b0 ffff | 8984 2400 | a0ff ff89 | 8424 0090 | ffff 8984 | 2400 80ff | ff49 3ba7 
  0x0000011728a1cd20: e804 0000 | 7607 4989 | a7f0 0400 | 0041 c687 | 8104 0000 | 0049 ba6c | 40e1 ccf9 | 7f00 0041 
  0x0000011728a1cd40: 803a 000f | 843e 0000 | 0048 8b55 | e849 8bcf | 4883 ec20 | 40f6 c40f | 0f84 1900 | 0000 4883 
  0x0000011728a1cd60: ec08 48b8 | 80b9 91cc | f97f 0000 | ffd0 4883 | c408 e90c | 0000 0048 | b880 b991 | ccf9 7f00 
  0x0000011728a1cd80: 00ff d048 | 83c4 2048 | 8b5d e84c | 8b5b 0845 | 0fb7 5b2e | 41c1 e303 | 492b e348 | 83ec 2048 
  0x0000011728a1cda0: 83e4 f04c | 8b5b 604d | 85db 0f85 | ab00 0000 | e805 0000 | 00e9 9900 | 0000 488b | d348 8d44 
  0x0000011728a1cdc0: 2408 4c89 | 6dc0 498b | cfc5 f877 | 4989 afb0 | 0300 0049 | 8987 a003 | 0000 4883 | ec20 40f6 
  0x0000011728a1cde0: c40f 0f84 | 1900 0000 | 4883 ec08 | 48b8 20ce | 5acc f97f | 0000 ffd0 | 4883 c408 | e90c 0000 
  0x0000011728a1ce00: 0048 b820 | ce5a ccf9 | 7f00 00ff | d048 83c4 | 2049 c787 | a003 0000 | 0000 0000 | 49c7 87b0 
  0x0000011728a1ce20: 0300 0000 | 0000 0049 | c787 a803 | 0000 0000 | 0000 c5f8 | 7749 837f | 0800 0f84 | 0500 0000 
  0x0000011728a1ce40: e9bb 40ff | ff4c 8b6d | c04c 8b75 | c84e 8d74 | f500 c348 | 8b5d e84c | 8b5b 6041 | ffd3 488b 
  0x0000011728a1ce60: 5de8 4889 | 4518 448b | 5b28 41f6 | c308 0f84 | 1b00 0000 | 4c8b 5b08 | 4d8b 5b08 | 4d8b 5b18 
  0x0000011728a1ce80: 4d8b 5b70 | 4d8b 1b4c | 895d 1048 | 8d55 1048 | 8b43 5849 | ba80 1092 | ccf9 7f00 | 0049 3bc2 
  0x0000011728a1cea0: 0f85 ab00 | 0000 e805 | 0000 00e9 | 9900 0000 | 488b d348 | 8d44 2408 | 4c89 6dc0 | 498b cfc5 
  0x0000011728a1cec0: f877 4989 | afb0 0300 | 0049 8987 | a003 0000 | 4883 ec20 | 40f6 c40f | 0f84 1900 | 0000 4883 
  0x0000011728a1cee0: ec08 48b8 | 20ce 5acc | f97f 0000 | ffd0 4883 | c408 e90c | 0000 0048 | b820 ce5a | ccf9 7f00 
  0x0000011728a1cf00: 00ff d048 | 83c4 2049 | c787 a003 | 0000 0000 | 0000 49c7 | 87b0 0300 | 0000 0000 | 0049 c787 
  0x0000011728a1cf20: a803 0000 | 0000 0000 | c5f8 7749 | 837f 0800 | 0f84 0500 | 0000 e9c5 | 3fff ff4c | 8b6d c04c 
  0x0000011728a1cf40: 8b75 c84e | 8d74 f500 | c348 8b5d | e848 8b43 | 5849 8d8f | c003 0000 | c5f8 7749 | 89af b003 
  0x0000011728a1cf60: 0000 49ba | 58cf a128 | 1701 0000 | 4d89 97a8 | 0300 0049 | 89a7 a003 | 0000 41c7 | 8754 0400 
  0x0000011728a1cf80: 0004 0000 | 00ff d0c5 | f877 4883 | ec10 c5fb | 1104 2448 | 83ec 1048 | 8904 2448 | c744 2408 
  0x0000011728a1cfa0: 0000 0000 | 41c7 8754 | 0400 0005 | 0000 00f0 | 8344 24c0 | 0049 3baf | 5804 0000 | 0f87 0e00 
  0x0000011728a1cfc0: 0000 4183 | bf50 0400 | 0000 0f84 | 2000 0000 | 498b cf4c | 8be4 4883 | ec20 4883 | e4f0 48b8 
  0x0000011728a1cfe0: 4023 5ccc | f97f 0000 | ffd0 498b | e44d 33e4 | 41c7 8754 | 0400 0008 | 0000 0049 | c787 a003 
  0x0000011728a1d000: 0000 0000 | 0000 49c7 | 87b0 0300 | 0000 0000 | 0049 c787 | a803 0000 | 0000 0000 | c5f8 774d 
  0x0000011728a1d020: 8b9f 3004 | 0000 41c7 | 8300 0100 | 0000 0000 | 0049 bbda | a4a1 2817 | 0100 004c | 3b5d 180f 
  0x0000011728a1d040: 8524 0200 | 0048 8b04 | 2448 83c4 | 1048 85c0 | 0f84 fe01 | 0000 a803 | 0f85 0800 | 0000 488b 
  0x0000011728a1d060: 00e9 ee01 | 0000 a801 | 0f85 0900 | 0000 488b | 40fe e9dd | 0100 0048 | 8b40 ff41 | 807f 3800 
  0x0000011728a1d080: 0f84 ce01 | 0000 4883 | f800 0f84 | c401 0000 | 4d8b 5f28 | 4983 fb00 | 0f84 1400 | 0000 4983 
  0x0000011728a1d0a0: eb08 4d89 | 5f28 4d03 | 5f30 4989 | 03e9 a201 | 0000 4881 | ecd0 0000 | 0048 8904 | 2448 894c 
  0x0000011728a1d0c0: 2408 4889 | 5424 1048 | 8974 2418 | 4889 7c24 | 204c 8944 | 2428 4c89 | 4c24 304c | 8954 2438 
  0x0000011728a1d0e0: 4c89 5c24 | 40c5 fb11 | 4424 50c5 | fb11 4c24 | 58c5 fb11 | 5424 60c5 | fb11 5c24 | 68c5 fb11 
  0x0000011728a1d100: 6424 70c5 | fb11 6c24 | 78c5 fb11 | b424 8000 | 0000 c5fb | 11bc 2488 | 0000 00c5 | 7b11 8424 
  0x0000011728a1d120: 9000 0000 | c57b 118c | 2498 0000 | 00c5 7b11 | 9424 a000 | 0000 c57b | 119c 24a8 | 0000 00c5 
  0x0000011728a1d140: 7b11 a424 | b000 0000 | c57b 11ac | 24b8 0000 | 00c5 7b11 | b424 c000 | 0000 c57b | 11bc 24c8 
  0x0000011728a1d160: 0000 0049 | 8bd7 488b | c848 83ec | 2040 f6c4 | 0f0f 8419 | 0000 0048 | 83ec 0848 | b830 3f4f 
  0x0000011728a1d180: ccf9 7f00 | 00ff d048 | 83c4 08e9 | 0c00 0000 | 48b8 303f | 4fcc f97f | 0000 ffd0 | 4883 c420 
  0x0000011728a1d1a0: c57b 10bc | 24c8 0000 | 00c5 7b10 | b424 c000 | 0000 c57b | 10ac 24b8 | 0000 00c5 | 7b10 a424 
  0x0000011728a1d1c0: b000 0000 | c57b 109c | 24a8 0000 | 00c5 7b10 | 9424 a000 | 0000 c57b | 108c 2498 | 0000 00c5 
  0x0000011728a1d1e0: 7b10 8424 | 9000 0000 | c5fb 10bc | 2488 0000 | 00c5 fb10 | b424 8000 | 0000 c5fb | 106c 2478 
  0x0000011728a1d200: c5fb 1064 | 2470 c5fb | 105c 2468 | c5fb 1054 | 2460 c5fb | 104c 2458 | c5fb 1044 | 2450 4c8b 
  0x0000011728a1d220: 5c24 404c | 8b54 2438 | 4c8b 4c24 | 304c 8b44 | 2428 488b | 7c24 2048 | 8b74 2418 | 488b 5424 
  0x0000011728a1d240: 1048 8b4c | 2408 488b | 0424 4881 | c4d0 0000 | 00c5 f877 | 4889 4510 | 4883 ec10 | 4889 0424 
  0x0000011728a1d260: 48c7 4424 | 0800 0000 | 0041 83bf | d004 0000 | 020f 85bf | 0000 0048 | 81ec 8000 | 0000 4889 
  0x0000011728a1d280: 4424 7848 | 894c 2470 | 4889 5424 | 6848 895c | 2460 4889 | 6c24 5048 | 8974 2448 | 4889 7c24 
  0x0000011728a1d2a0: 404c 8944 | 2438 4c89 | 4c24 304c | 8954 2428 | 4c89 5c24 | 204c 8964 | 2418 4c89 | 6c24 104c 
  0x0000011728a1d2c0: 8974 2408 | 4c89 3c24 | 4c8b e448 | 83ec 2048 | 83e4 f048 | b8d0 f191 | ccf9 7f00 | 00ff d049 
  0x0000011728a1d2e0: 8be4 4c8b | 3c24 4c8b | 7424 084c | 8b6c 2410 | 4c8b 6424 | 184c 8b5c | 2420 4c8b | 5424 284c 
  0x0000011728a1d300: 8b4c 2430 | 4c8b 4424 | 3848 8b7c | 2440 488b | 7424 4848 | 8b6c 2450 | 488b 5c24 | 6048 8b54 
  0x0000011728a1d320: 2468 488b | 4c24 7048 | 8b44 2478 | 4881 c480 | 0000 004d | 33e4 488b | 5de8 4c8b | 6b08 4d8d 
  0x0000011728a1d340: 6d38 4983 | 7f08 000f | 84bb 0000 | 00e8 0500 | 0000 e996 | 0000 0048 | 8d44 2408 | 4c89 6dc0 
  0x0000011728a1d360: 498b cfc5 | f877 4989 | afb0 0300 | 0049 8987 | a003 0000 | 4883 ec20 | 40f6 c40f | 0f84 1900 
  0x0000011728a1d380: 0000 4883 | ec08 48b8 | 60ec 5acc | f97f 0000 | ffd0 4883 | c408 e90c | 0000 0048 | b860 ec5a 
  0x0000011728a1d3a0: ccf9 7f00 | 00ff d048 | 83c4 2049 | c787 a003 | 0000 0000 | 0000 49c7 | 87b0 0300 | 0000 0000 
  0x0000011728a1d3c0: 0049 c787 | a803 0000 | 0000 0000 | c5f8 7749 | 837f 0800 | 0f84 0500 | 0000 e921 | 3bff ff4c 
  0x0000011728a1d3e0: 8b6d c04c | 8b75 c84e | 8d74 f500 | c348 b9c0 | 28b9 ccf9 | 7f00 0048 | 83e4 f048 | b830 9980 
  0x0000011728a1d400: ccf9 7f00 | 00ff d0f4 | 448b 5b28 | 41f6 c320 | 0f84 4401 | 0000 488d | 55a8 4c8b | 5a08 4d85 
  0x0000011728a1d420: db0f 85bb | 0000 00e8 | 0500 0000 | e996 0000 | 0048 8d44 | 2408 4c89 | 6dc0 498b | cfc5 f877 
  0x0000011728a1d440: 4989 afb0 | 0300 0049 | 8987 a003 | 0000 4883 | ec20 40f6 | c40f 0f84 | 1900 0000 | 4883 ec08 
  0x0000011728a1d460: 48b8 90eb | 5acc f97f | 0000 ffd0 | 4883 c408 | e90c 0000 | 0048 b890 | eb5a ccf9 | 7f00 00ff 
  0x0000011728a1d480: d048 83c4 | 2049 c787 | a003 0000 | 0000 0000 | 49c7 87b0 | 0300 0000 | 0000 0049 | c787 a803 
  0x0000011728a1d4a0: 0000 0000 | 0000 c5f8 | 7749 837f | 0800 0f84 | 0500 0000 | e947 3aff | ff4c 8b6d | c04c 8b75 
  0x0000011728a1d4c0: c84e 8d74 | f500 c348 | b9c0 28b9 | ccf9 7f00 | 0048 83e4 | f048 b830 | 9980 ccf9 | 7f00 00ff 
  0x0000011728a1d4e0: d0f4 4c89 | 6dc0 488d | 024c 8b4a | 0848 c742 | 0800 0000 | 004c 8b00 | 4d85 c00f | 840b 0000 
  0x0000011728a1d500: 00f0 4d0f | b101 0f85 | 0c00 0000 | 49ff 8f58 | 0500 00e9 | 3e00 0000 | 4c89 4a08 | 488b ca48 
  0x0000011728a1d520: 83ec 2040 | f6c4 0f0f | 8419 0000 | 0048 83ec | 0848 b820 | be5a ccf9 | 7f00 00ff | d048 83c4 
  0x0000011728a1d540: 08e9 0c00 | 0000 48b8 | 20be 5acc | f97f 0000 | ffd0 4883 | c420 4c8b | 6dc0 49ba | 6c40 e1cc 
  0x0000011728a1d560: f97f 0000 | 4180 3a00 | 0f84 3e00 | 0000 488b | 55e8 498b | cf48 83ec | 2040 f6c4 | 0f0f 8419 
  0x0000011728a1d580: 0000 0048 | 83ec 0848 | b880 b991 | ccf9 7f00 | 00ff d048 | 83c4 08e9 | 0c00 0000 | 48b8 80b9 
  0x0000011728a1d5a0: 91cc f97f | 0000 ffd0 | 4883 c420 | 488b 0424 | 4883 c410 | c5fb 1004 | 2448 83c4 | 104c 8b5d 
  0x0000011728a1d5c0: 1841 ffd3 | 4c8b 5df8 | c95f 498b | e3ff e7ba | 0000 0000 | e805 0000 | 00e9 9600 | 0000 488d 
  0x0000011728a1d5e0: 4424 084c | 896d c049 | 8bcf c5f8 | 7749 89af | b003 0000 | 4989 87a0 | 0300 0048 | 83ec 2040 
  0x0000011728a1d600: f6c4 0f0f | 8419 0000 | 0048 83ec | 0848 b8e0 | b15a ccf9 | 7f00 00ff | d048 83c4 | 08e9 0c00 
  0x0000011728a1d620: 0000 48b8 | e0b1 5acc | f97f 0000 | ffd0 4883 | c420 49c7 | 87a0 0300 | 0000 0000 | 0049 c787 
  0x0000011728a1d640: b003 0000 | 0000 0000 | 49c7 87a8 | 0300 0000 | 0000 00c5 | f877 4983 | 7f08 000f | 8405 0000 
  0x0000011728a1d660: 00e9 9a38 | ffff 4c8b | 6dc0 4c8b | 75c8 4e8d | 74f5 00c3 | 488b 5de8 | e95b f6ff | ff66 6690 
[/MachCode]

---------------  P R O C E S S  ---------------

Threads class SMR info:
_java_thread_list=0x0000011736424730, length=12, elements={
0x00000117174ad2f0, 0x000001173624cf50, 0x000001173624e2e0, 0x000001173628baa0,
0x000001173628c500, 0x000001173628dc80, 0x00000117362b3710, 0x00000117362be380,
0x00000117362c49d0, 0x0000011736449ab0, 0x0000011736456f80, 0x00000117362c50a0
}

Java Threads: ( => current thread )
=>0x00000117174ad2f0 JavaThread "main"                              [_thread_in_vm, id=14188, stack(0x00000003e9700000,0x00000003e9800000) (1024K)]
  0x000001173624cf50 JavaThread "Reference Handler"          daemon [_thread_blocked, id=21944, stack(0x00000003e9f00000,0x00000003ea000000) (1024K)]
  0x000001173624e2e0 JavaThread "Finalizer"                  daemon [_thread_blocked, id=11412, stack(0x00000003ea000000,0x00000003ea100000) (1024K)]
  0x000001173628baa0 JavaThread "Signal Dispatcher"          daemon [_thread_blocked, id=18316, stack(0x00000003ea100000,0x00000003ea200000) (1024K)]
  0x000001173628c500 JavaThread "Attach Listener"            daemon [_thread_blocked, id=21984, stack(0x00000003ea200000,0x00000003ea300000) (1024K)]
  0x000001173628dc80 JavaThread "Service Thread"             daemon [_thread_blocked, id=16108, stack(0x00000003ea300000,0x00000003ea400000) (1024K)]
  0x00000117362b3710 JavaThread "Monitor Deflation Thread"   daemon [_thread_blocked, id=14820, stack(0x00000003ea400000,0x00000003ea500000) (1024K)]
  0x00000117362be380 JavaThread "C2 CompilerThread0"         daemon [_thread_blocked, id=11920, stack(0x00000003ea500000,0x00000003ea600000) (1024K)]
  0x00000117362c49d0 JavaThread "C1 CompilerThread0"         daemon [_thread_blocked, id=14512, stack(0x00000003ea600000,0x00000003ea700000) (1024K)]
  0x0000011736449ab0 JavaThread "Notification Thread"        daemon [_thread_blocked, id=22268, stack(0x00000003ea700000,0x00000003ea800000) (1024K)]
  0x0000011736456f80 JavaThread "Common-Cleaner"             daemon [_thread_blocked, id=3912, stack(0x00000003ea800000,0x00000003ea900000) (1024K)]
  0x00000117362c50a0 JavaThread "C2 CompilerThread1"         daemon [_thread_blocked, id=17760, stack(0x00000003ea900000,0x00000003eaa00000) (1024K)]
Total: 12

Other Threads:
  0x00000117361b76f0 VMThread "VM Thread"                           [id=1808, stack(0x00000003e9e00000,0x00000003e9f00000) (1024K)]
  0x0000011736167290 WatcherThread "VM Periodic Task Thread"        [id=3252, stack(0x00000003e9d00000,0x00000003e9e00000) (1024K)]
  0x000001171780bb70 WorkerThread "GC Thread#0"                     [id=2420, stack(0x00000003e9800000,0x00000003e9900000) (1024K)]
  0x000001171781cdd0 ConcurrentGCThread "G1 Main Marker"            [id=20048, stack(0x00000003e9900000,0x00000003e9a00000) (1024K)]
  0x000001171781e690 WorkerThread "G1 Conc#0"                       [id=17704, stack(0x00000003e9a00000,0x00000003e9b00000) (1024K)]
  0x0000011736037920 ConcurrentGCThread "G1 Refine#0"               [id=11740, stack(0x00000003e9b00000,0x00000003e9c00000) (1024K)]
  0x000001173603a160 ConcurrentGCThread "G1 Service"                [id=3224, stack(0x00000003e9c00000,0x00000003e9d00000) (1024K)]
Total: 7

Threads with active compile tasks:
Total: 0

VM state: not at safepoint (normal execution)

VM Mutex/Monitor currently owned by a thread:  ([mutex/lock_event])
[0x00007ff9cce3ab00] Metaspace_lock - owner thread: 0x00000117174ad2f0

Heap address: 0x000000008a600000, size: 1882 MB, Compressed Oops mode: 32-bit

CDS archive(s) not mapped
Compressed class space mapped at: 0x000000003a000000-0x000000007a000000, reserved size: 1073741824
Narrow klass base: 0x0000000000000000, Narrow klass shift: 0, Narrow klass range: 0x7a000000

GC Precious Log:
 CardTable entry size: 512
 Card Set container configuration: InlinePtr #cards 5 size 8 Array Of Cards #cards 12 size 40 Howl #buckets 4 coarsen threshold 1843 Howl Bitmap #cards 512 size 80 coarsen threshold 460 Card regions per heap region 1 cards per card region 2048
 CPUs: 12 total, 12 available
 Memory: 7520M
 Large Page Support: Disabled
 NUMA Support: Disabled
 Compressed Oops: Enabled (32-bit)
 Heap Region Size: 1M
 Heap Min Capacity: 8M
 Heap Initial Capacity: 118M
 Heap Max Capacity: 1882M
 Pre-touch: Disabled
 Parallel Workers: 10
 Concurrent Workers: 3
 Concurrent Refinement Workers: 10
 Periodic GC: Disabled

Heap:
 garbage-first heap   total reserved 1927168K, committed 120832K, used 3072K [0x000000008a600000, 0x0000000100000000)
  region size 1024K, 4 young (4096K), 0 survivors (0K)
 Metaspace       used 6063K, committed 6144K, reserved 1114112K
  class space    used 538K, committed 576K, reserved 1048576K

Heap Regions: E=young(eden), S=young(survivor), O=old, HS=humongous(starts), HC=humongous(continues), CS=collection set, F=free, TAMS=top-at-mark-start, PB=parsable bottom
|   0|0x000000008a600000, 0x000000008a600000, 0x000000008a700000|  0%| F|  |TAMS 0x000000008a600000| PB 0x000000008a600000| Untracked |  0
|   1|0x000000008a700000, 0x000000008a700000, 0x000000008a800000|  0%| F|  |TAMS 0x000000008a700000| PB 0x000000008a700000| Untracked |  0
|   2|0x000000008a800000, 0x000000008a800000, 0x000000008a900000|  0%| F|  |TAMS 0x000000008a800000| PB 0x000000008a800000| Untracked |  0
|   3|0x000000008a900000, 0x000000008a900000, 0x000000008aa00000|  0%| F|  |TAMS 0x000000008a900000| PB 0x000000008a900000| Untracked |  0
|   4|0x000000008aa00000, 0x000000008aa00000, 0x000000008ab00000|  0%| F|  |TAMS 0x000000008aa00000| PB 0x000000008aa00000| Untracked |  0
|   5|0x000000008ab00000, 0x000000008ab00000, 0x000000008ac00000|  0%| F|  |TAMS 0x000000008ab00000| PB 0x000000008ab00000| Untracked |  0
|   6|0x000000008ac00000, 0x000000008ac00000, 0x000000008ad00000|  0%| F|  |TAMS 0x000000008ac00000| PB 0x000000008ac00000| Untracked |  0
|   7|0x000000008ad00000, 0x000000008ad00000, 0x000000008ae00000|  0%| F|  |TAMS 0x000000008ad00000| PB 0x000000008ad00000| Untracked |  0
|   8|0x000000008ae00000, 0x000000008ae00000, 0x000000008af00000|  0%| F|  |TAMS 0x000000008ae00000| PB 0x000000008ae00000| Untracked |  0
|   9|0x000000008af00000, 0x000000008af00000, 0x000000008b000000|  0%| F|  |TAMS 0x000000008af00000| PB 0x000000008af00000| Untracked |  0
|  10|0x000000008b000000, 0x000000008b000000, 0x000000008b100000|  0%| F|  |TAMS 0x000000008b000000| PB 0x000000008b000000| Untracked |  0
|  11|0x000000008b100000, 0x000000008b100000, 0x000000008b200000|  0%| F|  |TAMS 0x000000008b100000| PB 0x000000008b100000| Untracked |  0
|  12|0x000000008b200000, 0x000000008b200000, 0x000000008b300000|  0%| F|  |TAMS 0x000000008b200000| PB 0x000000008b200000| Untracked |  0
|  13|0x000000008b300000, 0x000000008b300000, 0x000000008b400000|  0%| F|  |TAMS 0x000000008b300000| PB 0x000000008b300000| Untracked |  0
|  14|0x000000008b400000, 0x000000008b400000, 0x000000008b500000|  0%| F|  |TAMS 0x000000008b400000| PB 0x000000008b400000| Untracked |  0
|  15|0x000000008b500000, 0x000000008b500000, 0x000000008b600000|  0%| F|  |TAMS 0x000000008b500000| PB 0x000000008b500000| Untracked |  0
|  16|0x000000008b600000, 0x000000008b600000, 0x000000008b700000|  0%| F|  |TAMS 0x000000008b600000| PB 0x000000008b600000| Untracked |  0
|  17|0x000000008b700000, 0x000000008b700000, 0x000000008b800000|  0%| F|  |TAMS 0x000000008b700000| PB 0x000000008b700000| Untracked |  0
|  18|0x000000008b800000, 0x000000008b800000, 0x000000008b900000|  0%| F|  |TAMS 0x000000008b800000| PB 0x000000008b800000| Untracked |  0
|  19|0x000000008b900000, 0x000000008b900000, 0x000000008ba00000|  0%| F|  |TAMS 0x000000008b900000| PB 0x000000008b900000| Untracked |  0
|  20|0x000000008ba00000, 0x000000008ba00000, 0x000000008bb00000|  0%| F|  |TAMS 0x000000008ba00000| PB 0x000000008ba00000| Untracked |  0
|  21|0x000000008bb00000, 0x000000008bb00000, 0x000000008bc00000|  0%| F|  |TAMS 0x000000008bb00000| PB 0x000000008bb00000| Untracked |  0
|  22|0x000000008bc00000, 0x000000008bc00000, 0x000000008bd00000|  0%| F|  |TAMS 0x000000008bc00000| PB 0x000000008bc00000| Untracked |  0
|  23|0x000000008bd00000, 0x000000008bd00000, 0x000000008be00000|  0%| F|  |TAMS 0x000000008bd00000| PB 0x000000008bd00000| Untracked |  0
|  24|0x000000008be00000, 0x000000008be00000, 0x000000008bf00000|  0%| F|  |TAMS 0x000000008be00000| PB 0x000000008be00000| Untracked |  0
|  25|0x000000008bf00000, 0x000000008bf00000, 0x000000008c000000|  0%| F|  |TAMS 0x000000008bf00000| PB 0x000000008bf00000| Untracked |  0
|  26|0x000000008c000000, 0x000000008c000000, 0x000000008c100000|  0%| F|  |TAMS 0x000000008c000000| PB 0x000000008c000000| Untracked |  0
|  27|0x000000008c100000, 0x000000008c100000, 0x000000008c200000|  0%| F|  |TAMS 0x000000008c100000| PB 0x000000008c100000| Untracked |  0
|  28|0x000000008c200000, 0x000000008c200000, 0x000000008c300000|  0%| F|  |TAMS 0x000000008c200000| PB 0x000000008c200000| Untracked |  0
|  29|0x000000008c300000, 0x000000008c300000, 0x000000008c400000|  0%| F|  |TAMS 0x000000008c300000| PB 0x000000008c300000| Untracked |  0
|  30|0x000000008c400000, 0x000000008c400000, 0x000000008c500000|  0%| F|  |TAMS 0x000000008c400000| PB 0x000000008c400000| Untracked |  0
|  31|0x000000008c500000, 0x000000008c500000, 0x000000008c600000|  0%| F|  |TAMS 0x000000008c500000| PB 0x000000008c500000| Untracked |  0
|  32|0x000000008c600000, 0x000000008c600000, 0x000000008c700000|  0%| F|  |TAMS 0x000000008c600000| PB 0x000000008c600000| Untracked |  0
|  33|0x000000008c700000, 0x000000008c700000, 0x000000008c800000|  0%| F|  |TAMS 0x000000008c700000| PB 0x000000008c700000| Untracked |  0
|  34|0x000000008c800000, 0x000000008c800000, 0x000000008c900000|  0%| F|  |TAMS 0x000000008c800000| PB 0x000000008c800000| Untracked |  0
|  35|0x000000008c900000, 0x000000008c900000, 0x000000008ca00000|  0%| F|  |TAMS 0x000000008c900000| PB 0x000000008c900000| Untracked |  0
|  36|0x000000008ca00000, 0x000000008ca00000, 0x000000008cb00000|  0%| F|  |TAMS 0x000000008ca00000| PB 0x000000008ca00000| Untracked |  0
|  37|0x000000008cb00000, 0x000000008cb00000, 0x000000008cc00000|  0%| F|  |TAMS 0x000000008cb00000| PB 0x000000008cb00000| Untracked |  0
|  38|0x000000008cc00000, 0x000000008cc00000, 0x000000008cd00000|  0%| F|  |TAMS 0x000000008cc00000| PB 0x000000008cc00000| Untracked |  0
|  39|0x000000008cd00000, 0x000000008cd00000, 0x000000008ce00000|  0%| F|  |TAMS 0x000000008cd00000| PB 0x000000008cd00000| Untracked |  0
|  40|0x000000008ce00000, 0x000000008ce00000, 0x000000008cf00000|  0%| F|  |TAMS 0x000000008ce00000| PB 0x000000008ce00000| Untracked |  0
|  41|0x000000008cf00000, 0x000000008cf00000, 0x000000008d000000|  0%| F|  |TAMS 0x000000008cf00000| PB 0x000000008cf00000| Untracked |  0
|  42|0x000000008d000000, 0x000000008d000000, 0x000000008d100000|  0%| F|  |TAMS 0x000000008d000000| PB 0x000000008d000000| Untracked |  0
|  43|0x000000008d100000, 0x000000008d100000, 0x000000008d200000|  0%| F|  |TAMS 0x000000008d100000| PB 0x000000008d100000| Untracked |  0
|  44|0x000000008d200000, 0x000000008d200000, 0x000000008d300000|  0%| F|  |TAMS 0x000000008d200000| PB 0x000000008d200000| Untracked |  0
|  45|0x000000008d300000, 0x000000008d300000, 0x000000008d400000|  0%| F|  |TAMS 0x000000008d300000| PB 0x000000008d300000| Untracked |  0
|  46|0x000000008d400000, 0x000000008d400000, 0x000000008d500000|  0%| F|  |TAMS 0x000000008d400000| PB 0x000000008d400000| Untracked |  0
|  47|0x000000008d500000, 0x000000008d500000, 0x000000008d600000|  0%| F|  |TAMS 0x000000008d500000| PB 0x000000008d500000| Untracked |  0
|  48|0x000000008d600000, 0x000000008d600000, 0x000000008d700000|  0%| F|  |TAMS 0x000000008d600000| PB 0x000000008d600000| Untracked |  0
|  49|0x000000008d700000, 0x000000008d700000, 0x000000008d800000|  0%| F|  |TAMS 0x000000008d700000| PB 0x000000008d700000| Untracked |  0
|  50|0x000000008d800000, 0x000000008d800000, 0x000000008d900000|  0%| F|  |TAMS 0x000000008d800000| PB 0x000000008d800000| Untracked |  0
|  51|0x000000008d900000, 0x000000008d900000, 0x000000008da00000|  0%| F|  |TAMS 0x000000008d900000| PB 0x000000008d900000| Untracked |  0
|  52|0x000000008da00000, 0x000000008da00000, 0x000000008db00000|  0%| F|  |TAMS 0x000000008da00000| PB 0x000000008da00000| Untracked |  0
|  53|0x000000008db00000, 0x000000008db00000, 0x000000008dc00000|  0%| F|  |TAMS 0x000000008db00000| PB 0x000000008db00000| Untracked |  0
|  54|0x000000008dc00000, 0x000000008dc00000, 0x000000008dd00000|  0%| F|  |TAMS 0x000000008dc00000| PB 0x000000008dc00000| Untracked |  0
|  55|0x000000008dd00000, 0x000000008dd00000, 0x000000008de00000|  0%| F|  |TAMS 0x000000008dd00000| PB 0x000000008dd00000| Untracked |  0
|  56|0x000000008de00000, 0x000000008de00000, 0x000000008df00000|  0%| F|  |TAMS 0x000000008de00000| PB 0x000000008de00000| Untracked |  0
|  57|0x000000008df00000, 0x000000008df00000, 0x000000008e000000|  0%| F|  |TAMS 0x000000008df00000| PB 0x000000008df00000| Untracked |  0
|  58|0x000000008e000000, 0x000000008e000000, 0x000000008e100000|  0%| F|  |TAMS 0x000000008e000000| PB 0x000000008e000000| Untracked |  0
|  59|0x000000008e100000, 0x000000008e100000, 0x000000008e200000|  0%| F|  |TAMS 0x000000008e100000| PB 0x000000008e100000| Untracked |  0
|  60|0x000000008e200000, 0x000000008e200000, 0x000000008e300000|  0%| F|  |TAMS 0x000000008e200000| PB 0x000000008e200000| Untracked |  0
|  61|0x000000008e300000, 0x000000008e300000, 0x000000008e400000|  0%| F|  |TAMS 0x000000008e300000| PB 0x000000008e300000| Untracked |  0
|  62|0x000000008e400000, 0x000000008e400000, 0x000000008e500000|  0%| F|  |TAMS 0x000000008e400000| PB 0x000000008e400000| Untracked |  0
|  63|0x000000008e500000, 0x000000008e500000, 0x000000008e600000|  0%| F|  |TAMS 0x000000008e500000| PB 0x000000008e500000| Untracked |  0
|  64|0x000000008e600000, 0x000000008e600000, 0x000000008e700000|  0%| F|  |TAMS 0x000000008e600000| PB 0x000000008e600000| Untracked |  0
|  65|0x000000008e700000, 0x000000008e700000, 0x000000008e800000|  0%| F|  |TAMS 0x000000008e700000| PB 0x000000008e700000| Untracked |  0
|  66|0x000000008e800000, 0x000000008e800000, 0x000000008e900000|  0%| F|  |TAMS 0x000000008e800000| PB 0x000000008e800000| Untracked |  0
|  67|0x000000008e900000, 0x000000008e900000, 0x000000008ea00000|  0%| F|  |TAMS 0x000000008e900000| PB 0x000000008e900000| Untracked |  0
|  68|0x000000008ea00000, 0x000000008ea00000, 0x000000008eb00000|  0%| F|  |TAMS 0x000000008ea00000| PB 0x000000008ea00000| Untracked |  0
|  69|0x000000008eb00000, 0x000000008eb00000, 0x000000008ec00000|  0%| F|  |TAMS 0x000000008eb00000| PB 0x000000008eb00000| Untracked |  0
|  70|0x000000008ec00000, 0x000000008ec00000, 0x000000008ed00000|  0%| F|  |TAMS 0x000000008ec00000| PB 0x000000008ec00000| Untracked |  0
|  71|0x000000008ed00000, 0x000000008ed00000, 0x000000008ee00000|  0%| F|  |TAMS 0x000000008ed00000| PB 0x000000008ed00000| Untracked |  0
|  72|0x000000008ee00000, 0x000000008ee00000, 0x000000008ef00000|  0%| F|  |TAMS 0x000000008ee00000| PB 0x000000008ee00000| Untracked |  0
|  73|0x000000008ef00000, 0x000000008ef00000, 0x000000008f000000|  0%| F|  |TAMS 0x000000008ef00000| PB 0x000000008ef00000| Untracked |  0
|  74|0x000000008f000000, 0x000000008f000000, 0x000000008f100000|  0%| F|  |TAMS 0x000000008f000000| PB 0x000000008f000000| Untracked |  0
|  75|0x000000008f100000, 0x000000008f100000, 0x000000008f200000|  0%| F|  |TAMS 0x000000008f100000| PB 0x000000008f100000| Untracked |  0
|  76|0x000000008f200000, 0x000000008f200000, 0x000000008f300000|  0%| F|  |TAMS 0x000000008f200000| PB 0x000000008f200000| Untracked |  0
|  77|0x000000008f300000, 0x000000008f300000, 0x000000008f400000|  0%| F|  |TAMS 0x000000008f300000| PB 0x000000008f300000| Untracked |  0
|  78|0x000000008f400000, 0x000000008f400000, 0x000000008f500000|  0%| F|  |TAMS 0x000000008f400000| PB 0x000000008f400000| Untracked |  0
|  79|0x000000008f500000, 0x000000008f500000, 0x000000008f600000|  0%| F|  |TAMS 0x000000008f500000| PB 0x000000008f500000| Untracked |  0
|  80|0x000000008f600000, 0x000000008f600000, 0x000000008f700000|  0%| F|  |TAMS 0x000000008f600000| PB 0x000000008f600000| Untracked |  0
|  81|0x000000008f700000, 0x000000008f700000, 0x000000008f800000|  0%| F|  |TAMS 0x000000008f700000| PB 0x000000008f700000| Untracked |  0
|  82|0x000000008f800000, 0x000000008f800000, 0x000000008f900000|  0%| F|  |TAMS 0x000000008f800000| PB 0x000000008f800000| Untracked |  0
|  83|0x000000008f900000, 0x000000008f900000, 0x000000008fa00000|  0%| F|  |TAMS 0x000000008f900000| PB 0x000000008f900000| Untracked |  0
|  84|0x000000008fa00000, 0x000000008fa00000, 0x000000008fb00000|  0%| F|  |TAMS 0x000000008fa00000| PB 0x000000008fa00000| Untracked |  0
|  85|0x000000008fb00000, 0x000000008fb00000, 0x000000008fc00000|  0%| F|  |TAMS 0x000000008fb00000| PB 0x000000008fb00000| Untracked |  0
|  86|0x000000008fc00000, 0x000000008fc00000, 0x000000008fd00000|  0%| F|  |TAMS 0x000000008fc00000| PB 0x000000008fc00000| Untracked |  0
|  87|0x000000008fd00000, 0x000000008fd00000, 0x000000008fe00000|  0%| F|  |TAMS 0x000000008fd00000| PB 0x000000008fd00000| Untracked |  0
|  88|0x000000008fe00000, 0x000000008fe00000, 0x000000008ff00000|  0%| F|  |TAMS 0x000000008fe00000| PB 0x000000008fe00000| Untracked |  0
|  89|0x000000008ff00000, 0x000000008ff00000, 0x0000000090000000|  0%| F|  |TAMS 0x000000008ff00000| PB 0x000000008ff00000| Untracked |  0
|  90|0x0000000090000000, 0x0000000090000000, 0x0000000090100000|  0%| F|  |TAMS 0x0000000090000000| PB 0x0000000090000000| Untracked |  0
|  91|0x0000000090100000, 0x0000000090100000, 0x0000000090200000|  0%| F|  |TAMS 0x0000000090100000| PB 0x0000000090100000| Untracked |  0
|  92|0x0000000090200000, 0x0000000090200000, 0x0000000090300000|  0%| F|  |TAMS 0x0000000090200000| PB 0x0000000090200000| Untracked |  0
|  93|0x0000000090300000, 0x0000000090300000, 0x0000000090400000|  0%| F|  |TAMS 0x0000000090300000| PB 0x0000000090300000| Untracked |  0
|  94|0x0000000090400000, 0x0000000090400000, 0x0000000090500000|  0%| F|  |TAMS 0x0000000090400000| PB 0x0000000090400000| Untracked |  0
|  95|0x0000000090500000, 0x0000000090500000, 0x0000000090600000|  0%| F|  |TAMS 0x0000000090500000| PB 0x0000000090500000| Untracked |  0
|  96|0x0000000090600000, 0x0000000090600000, 0x0000000090700000|  0%| F|  |TAMS 0x0000000090600000| PB 0x0000000090600000| Untracked |  0
|  97|0x0000000090700000, 0x0000000090700000, 0x0000000090800000|  0%| F|  |TAMS 0x0000000090700000| PB 0x0000000090700000| Untracked |  0
|  98|0x0000000090800000, 0x0000000090800000, 0x0000000090900000|  0%| F|  |TAMS 0x0000000090800000| PB 0x0000000090800000| Untracked |  0
|  99|0x0000000090900000, 0x0000000090900000, 0x0000000090a00000|  0%| F|  |TAMS 0x0000000090900000| PB 0x0000000090900000| Untracked |  0
| 100|0x0000000090a00000, 0x0000000090a00000, 0x0000000090b00000|  0%| F|  |TAMS 0x0000000090a00000| PB 0x0000000090a00000| Untracked |  0
| 101|0x0000000090b00000, 0x0000000090b00000, 0x0000000090c00000|  0%| F|  |TAMS 0x0000000090b00000| PB 0x0000000090b00000| Untracked |  0
| 102|0x0000000090c00000, 0x0000000090c00000, 0x0000000090d00000|  0%| F|  |TAMS 0x0000000090c00000| PB 0x0000000090c00000| Untracked |  0
| 103|0x0000000090d00000, 0x0000000090d00000, 0x0000000090e00000|  0%| F|  |TAMS 0x0000000090d00000| PB 0x0000000090d00000| Untracked |  0
| 104|0x0000000090e00000, 0x0000000090e00000, 0x0000000090f00000|  0%| F|  |TAMS 0x0000000090e00000| PB 0x0000000090e00000| Untracked |  0
| 105|0x0000000090f00000, 0x0000000090f00000, 0x0000000091000000|  0%| F|  |TAMS 0x0000000090f00000| PB 0x0000000090f00000| Untracked |  0
| 106|0x0000000091000000, 0x0000000091000000, 0x0000000091100000|  0%| F|  |TAMS 0x0000000091000000| PB 0x0000000091000000| Untracked |  0
| 107|0x0000000091100000, 0x0000000091100000, 0x0000000091200000|  0%| F|  |TAMS 0x0000000091100000| PB 0x0000000091100000| Untracked |  0
| 108|0x0000000091200000, 0x0000000091200000, 0x0000000091300000|  0%| F|  |TAMS 0x0000000091200000| PB 0x0000000091200000| Untracked |  0
| 109|0x0000000091300000, 0x0000000091300000, 0x0000000091400000|  0%| F|  |TAMS 0x0000000091300000| PB 0x0000000091300000| Untracked |  0
| 110|0x0000000091400000, 0x0000000091400000, 0x0000000091500000|  0%| F|  |TAMS 0x0000000091400000| PB 0x0000000091400000| Untracked |  0
| 111|0x0000000091500000, 0x0000000091500000, 0x0000000091600000|  0%| F|  |TAMS 0x0000000091500000| PB 0x0000000091500000| Untracked |  0
| 112|0x0000000091600000, 0x0000000091600000, 0x0000000091700000|  0%| F|  |TAMS 0x0000000091600000| PB 0x0000000091600000| Untracked |  0
| 113|0x0000000091700000, 0x0000000091700000, 0x0000000091800000|  0%| F|  |TAMS 0x0000000091700000| PB 0x0000000091700000| Untracked |  0
| 114|0x0000000091800000, 0x0000000091900000, 0x0000000091900000|100%| E|  |TAMS 0x0000000091800000| PB 0x0000000091800000| Complete |  0
| 115|0x0000000091900000, 0x0000000091a00000, 0x0000000091a00000|100%| E|CS|TAMS 0x0000000091900000| PB 0x0000000091900000| Complete |  0
| 116|0x0000000091a00000, 0x0000000091b00000, 0x0000000091b00000|100%| E|CS|TAMS 0x0000000091a00000| PB 0x0000000091a00000| Complete |  0
| 117|0x0000000091b00000, 0x0000000091c00000, 0x0000000091c00000|100%| E|CS|TAMS 0x0000000091b00000| PB 0x0000000091b00000| Complete |  0

Card table byte_map: [0x0000011731420000,0x00000117317d0000] _byte_map_base: 0x0000011730fcd000

Marking Bits: (CMBitMap*) 0x000001171780ca90
 Bits: [0x00000117317d0000, 0x0000011733538000)

Polling page: 0x0000011717880000

Metaspace:

Usage:
  Non-class:      5.40 MB used.
      Class:    538.11 KB used.
       Both:      5.92 MB used.

Virtual space:
  Non-class space:       64.00 MB reserved,       5.44 MB (  8%) committed,  1 nodes.
      Class space:        1.00 GB reserved,     576.00 KB ( <1%) committed,  1 nodes.
             Both:        1.06 GB reserved,       6.00 MB ( <1%) committed. 

Chunk freelists:
   Non-Class:  10.36 MB
       Class:  15.46 MB
        Both:  25.82 MB

MaxMetaspaceSize: unlimited
CompressedClassSpaceSize: 1.00 GB
Initial GC threshold: 21.00 MB
Current GC threshold: 21.00 MB
CDS: off
 - commit_granule_bytes: 65536.
 - commit_granule_words: 8192.
 - virtual_space_node_default_size: 8388608.
 - enlarge_chunks_in_place: 1.
 - use_allocation_guard: 0.


Internal statistics:

num_allocs_failed_limit: 0.
num_arena_births: 4.
num_arena_deaths: 0.
num_vsnodes_births: 2.
num_vsnodes_deaths: 0.
num_space_committed: 96.
num_space_uncommitted: 0.
num_chunks_returned_to_freelist: 0.
num_chunks_taken_from_freelist: 20.
num_chunk_merges: 0.
num_chunk_splits: 13.
num_chunks_enlarged: 9.
num_inconsistent_stats: 0.

CodeHeap 'non-profiled nmethods': size=120000Kb used=37Kb max_used=37Kb free=119962Kb
 bounds [0x0000011728fb0000, 0x0000011729220000, 0x00000117304e0000]
CodeHeap 'profiled nmethods': size=120000Kb used=174Kb max_used=174Kb free=119825Kb
 bounds [0x00000117214e0000, 0x0000011721750000, 0x0000011728a10000]
CodeHeap 'non-nmethods': size=5760Kb used=1226Kb max_used=1236Kb free=4533Kb
 bounds [0x0000011728a10000, 0x0000011728c80000, 0x0000011728fb0000]
 total_blobs=489 nmethods=139 adapters=255
 compilation: enabled
              stopped_count=0, restarted_count=0
 full_count=0

Compilation events (20 events):
Event: 0.175 Thread 0x00000117362c49d0  129       3       java.lang.System::allowSecurityManager (13 bytes)
Event: 0.175 Thread 0x00000117362c49d0 nmethod 129 0x0000011721507f90 code [0x0000011721508120, 0x0000011721508220]
Event: 0.177 Thread 0x00000117362c49d0  130       3       java.util.Objects::requireNonNull (15 bytes)
Event: 0.177 Thread 0x00000117362c49d0 nmethod 130 0x0000011721508290 code [0x0000011721508440, 0x0000011721508618]
Event: 0.179 Thread 0x00000117362c49d0  132       3       jdk.internal.misc.Unsafe::getLongUnaligned (173 bytes)
Event: 0.179 Thread 0x00000117362c49d0 nmethod 132 0x0000011721508710 code [0x0000011721508900, 0x0000011721508ce0]
Event: 0.179 Thread 0x00000117362c49d0  133       3       java.lang.AbstractStringBuilder::append (45 bytes)
Event: 0.179 Thread 0x00000117362c49d0 nmethod 133 0x0000011721508d90 code [0x0000011721508fa0, 0x00000117215094c8]
Event: 0.179 Thread 0x00000117362c49d0  134       3       jdk.internal.util.Preconditions::checkFromToIndex (24 bytes)
Event: 0.179 Thread 0x00000117362c49d0 nmethod 134 0x0000011721509710 code [0x00000117215098c0, 0x0000011721509a88]
Event: 0.180 Thread 0x00000117362c49d0  135       3       java.lang.String::<init> (15 bytes)
Event: 0.180 Thread 0x00000117362c49d0 nmethod 135 0x0000011721509b90 code [0x0000011721509d20, 0x0000011721509ee0]
Event: 0.180 Thread 0x00000117362c49d0  136       3       java.util.zip.ZipFile$Source::getEntryHash (7 bytes)
Event: 0.180 Thread 0x00000117362c49d0 nmethod 136 0x0000011721509f90 code [0x000001172150a120, 0x000001172150a258]
Event: 0.180 Thread 0x00000117362c49d0  137       3       java.util.zip.ZipFile$Source::getEntryNext (9 bytes)
Event: 0.180 Thread 0x00000117362c49d0 nmethod 137 0x000001172150a310 code [0x000001172150a4a0, 0x000001172150a5d8]
Event: 0.180 Thread 0x00000117362c49d0  138       3       java.lang.String::startsWith (123 bytes)
Event: 0.181 Thread 0x00000117362c49d0 nmethod 138 0x000001172150a690 code [0x000001172150a8c0, 0x000001172150b008]
Event: 0.181 Thread 0x00000117362c49d0  139       3       java.util.Arrays::copyOf (33 bytes)
Event: 0.181 Thread 0x00000117362c49d0 nmethod 139 0x000001172150b290 code [0x000001172150b460, 0x000001172150b8f8]

GC Heap History (0 events):
No events

Dll operation events (5 events):
Event: 0.009 Loaded shared library C:\Program Files\Java\jdk-22\bin\java.dll
Event: 0.079 Loaded shared library C:\Program Files\Java\jdk-22\bin\jsvml.dll
Event: 0.136 Loaded shared library C:\Program Files\Java\jdk-22\bin\net.dll
Event: 0.138 Loaded shared library C:\Program Files\Java\jdk-22\bin\nio.dll
Event: 0.147 Loaded shared library C:\Program Files\Java\jdk-22\bin\zip.dll

Deoptimization events (20 events):
Event: 0.154 Thread 0x00000117174ad2f0 DEOPT PACKING pc=0x00000117214f8d49 sp=0x00000003e97fda60
Event: 0.154 Thread 0x00000117174ad2f0 DEOPT UNPACKING pc=0x0000011728a64e42 sp=0x00000003e97fced0 mode 0
Event: 0.154 Thread 0x00000117174ad2f0 DEOPT PACKING pc=0x00000117214f8d49 sp=0x00000003e97fda60
Event: 0.154 Thread 0x00000117174ad2f0 DEOPT UNPACKING pc=0x0000011728a64e42 sp=0x00000003e97fced0 mode 0
Event: 0.155 Thread 0x00000117174ad2f0 DEOPT PACKING pc=0x00000117214f8d49 sp=0x00000003e97fda60
Event: 0.155 Thread 0x00000117174ad2f0 DEOPT UNPACKING pc=0x0000011728a64e42 sp=0x00000003e97fced0 mode 0
Event: 0.155 Thread 0x00000117174ad2f0 DEOPT PACKING pc=0x00000117214f8d49 sp=0x00000003e97fda60
Event: 0.155 Thread 0x00000117174ad2f0 DEOPT UNPACKING pc=0x0000011728a64e42 sp=0x00000003e97fced0 mode 0
Event: 0.155 Thread 0x00000117174ad2f0 DEOPT PACKING pc=0x00000117214f8d49 sp=0x00000003e97fda60
Event: 0.155 Thread 0x00000117174ad2f0 DEOPT UNPACKING pc=0x0000011728a64e42 sp=0x00000003e97fced0 mode 0
Event: 0.155 Thread 0x00000117174ad2f0 DEOPT PACKING pc=0x00000117214f8d49 sp=0x00000003e97fda60
Event: 0.155 Thread 0x00000117174ad2f0 DEOPT UNPACKING pc=0x0000011728a64e42 sp=0x00000003e97fced0 mode 0
Event: 0.155 Thread 0x00000117174ad2f0 DEOPT PACKING pc=0x00000117214f8d49 sp=0x00000003e97fda60
Event: 0.155 Thread 0x00000117174ad2f0 DEOPT UNPACKING pc=0x0000011728a64e42 sp=0x00000003e97fced0 mode 0
Event: 0.155 Thread 0x00000117174ad2f0 DEOPT PACKING pc=0x00000117214f8d49 sp=0x00000003e97fda60
Event: 0.155 Thread 0x00000117174ad2f0 DEOPT UNPACKING pc=0x0000011728a64e42 sp=0x00000003e97fced0 mode 0
Event: 0.155 Thread 0x00000117174ad2f0 DEOPT PACKING pc=0x00000117214f8d49 sp=0x00000003e97fda60
Event: 0.155 Thread 0x00000117174ad2f0 DEOPT UNPACKING pc=0x0000011728a64e42 sp=0x00000003e97fced0 mode 0
Event: 0.155 Thread 0x00000117174ad2f0 DEOPT PACKING pc=0x00000117214f8d49 sp=0x00000003e97fda60
Event: 0.155 Thread 0x00000117174ad2f0 DEOPT UNPACKING pc=0x0000011728a64e42 sp=0x00000003e97fced0 mode 0

Classes loaded (20 events):
Event: 0.175 Loading class java/awt/event/ActionListener
Event: 0.175 Loading class java/util/EventListener
Event: 0.175 Loading class java/util/EventListener done
Event: 0.175 Loading class java/awt/event/ActionListener done
Event: 0.175 Loading class javax/swing/JPanel
Event: 0.175 Loading class javax/swing/JPanel done
Event: 0.175 Loading class java/awt/LayoutManager
Event: 0.175 Loading class java/awt/LayoutManager done
Event: 0.175 Loading class java/util/concurrent/ConcurrentHashMap$ForwardingNode
Event: 0.176 Loading class java/util/concurrent/ConcurrentHashMap$ForwardingNode done
Event: 0.176 Loading class javax/swing/JLabel
Event: 0.176 Loading class javax/swing/JLabel done
Event: 0.176 Loading class javax/swing/GroupLayout$Group
Event: 0.176 Loading class javax/swing/GroupLayout$Spring
Event: 0.176 Loading class javax/swing/GroupLayout$Spring done
Event: 0.176 Loading class javax/swing/GroupLayout$Group done
Event: 0.176 Loading class javax/swing/GroupLayout$SequentialGroup
Event: 0.176 Loading class javax/swing/GroupLayout$SequentialGroup done
Event: 0.176 Loading class javax/swing/GroupLayout$ParallelGroup
Event: 0.176 Loading class javax/swing/GroupLayout$ParallelGroup done

Classes unloaded (0 events):
No events

Classes redefined (0 events):
No events

Internal exceptions (0 events):
No events

ZGC Phase Switch (0 events):
No events

VM Operations (2 events):
Event: 0.165 Executing VM operation: HandshakeAllThreads (Deoptimize)
Event: 0.165 Executing VM operation: HandshakeAllThreads (Deoptimize) done

Memory protections (0 events):
No events

Nmethod flushes (0 events):
No events

Events (12 events):
Event: 0.015 Thread 0x00000117174ad2f0 Thread added: 0x00000117174ad2f0
Event: 0.076 Thread 0x00000117174ad2f0 Thread added: 0x000001173624cf50
Event: 0.076 Thread 0x00000117174ad2f0 Thread added: 0x000001173624e2e0
Event: 0.078 Thread 0x00000117174ad2f0 Thread added: 0x000001173628baa0
Event: 0.078 Thread 0x00000117174ad2f0 Thread added: 0x000001173628c500
Event: 0.078 Thread 0x00000117174ad2f0 Thread added: 0x000001173628dc80
Event: 0.078 Thread 0x00000117174ad2f0 Thread added: 0x00000117362b3710
Event: 0.078 Thread 0x00000117174ad2f0 Thread added: 0x00000117362be380
Event: 0.078 Thread 0x00000117174ad2f0 Thread added: 0x00000117362c49d0
Event: 0.120 Thread 0x00000117174ad2f0 Thread added: 0x0000011736449ab0
Event: 0.127 Thread 0x00000117174ad2f0 Thread added: 0x0000011736456f80
Event: 0.159 Thread 0x00000117362be380 Thread added: 0x00000117362c50a0


Dynamic libraries:
0x00007ff7e08e0000 - 0x00007ff7e08f0000 	C:\Program Files\Java\jdk-22\bin\java.exe
0x00007ffa3f6d0000 - 0x00007ffa3f924000 	C:\WINDOWS\SYSTEM32\ntdll.dll
0x00007ffa3d590000 - 0x00007ffa3d657000 	C:\WINDOWS\System32\KERNEL32.DLL
0x00007ffa3ce20000 - 0x00007ffa3d1c0000 	C:\WINDOWS\System32\KERNELBASE.dll
0x00007ffa3d350000 - 0x00007ffa3d49a000 	C:\WINDOWS\System32\ucrtbase.dll
0x00007ffa29dc0000 - 0x00007ffa29ddb000 	C:\Program Files\Java\jdk-22\bin\VCRUNTIME140.dll
0x00007ffa38010000 - 0x00007ffa38027000 	C:\Program Files\Java\jdk-22\bin\jli.dll
0x00007ffa3e6b0000 - 0x00007ffa3e86f000 	C:\WINDOWS\System32\USER32.dll
0x00007ffa3d4a0000 - 0x00007ffa3d4c7000 	C:\WINDOWS\System32\win32u.dll
0x00007ffa236b0000 - 0x00007ffa23940000 	C:\WINDOWS\WinSxS\amd64_microsoft.windows.common-controls_6595b64144ccf1df_6.0.26085.1_none_fa4bc89212a99518\COMCTL32.dll
0x00007ffa3f220000 - 0x00007ffa3f24a000 	C:\WINDOWS\System32\GDI32.dll
0x00007ffa3f120000 - 0x00007ffa3f1c9000 	C:\WINDOWS\System32\msvcrt.dll
0x00007ffa3cb20000 - 0x00007ffa3cc41000 	C:\WINDOWS\System32\gdi32full.dll
0x00007ffa3cd70000 - 0x00007ffa3ce13000 	C:\WINDOWS\System32\msvcp_win.dll
0x00007ffa3e890000 - 0x00007ffa3e8bf000 	C:\WINDOWS\System32\IMM32.DLL
0x00007ffa30650000 - 0x00007ffa3065c000 	C:\Program Files\Java\jdk-22\bin\vcruntime140_1.dll
0x00007ffa151a0000 - 0x00007ffa1522e000 	C:\Program Files\Java\jdk-22\bin\msvcp140.dll
0x00007ff9cc1d0000 - 0x00007ff9ccf19000 	C:\Program Files\Java\jdk-22\bin\server\jvm.dll
0x00007ffa3e4b0000 - 0x00007ffa3e562000 	C:\WINDOWS\System32\ADVAPI32.dll
0x00007ffa3f440000 - 0x00007ffa3f4e6000 	C:\WINDOWS\System32\sechost.dll
0x00007ffa3f4f0000 - 0x00007ffa3f609000 	C:\WINDOWS\System32\RPCRT4.dll
0x00007ffa3f610000 - 0x00007ffa3f684000 	C:\WINDOWS\System32\WS2_32.dll
0x00007ffa3c9c0000 - 0x00007ffa3ca0e000 	C:\WINDOWS\SYSTEM32\POWRPROF.dll
0x00007ffa354b0000 - 0x00007ffa354e6000 	C:\WINDOWS\SYSTEM32\WINMM.dll
0x00007ffa36aa0000 - 0x00007ffa36aab000 	C:\WINDOWS\SYSTEM32\VERSION.dll
0x00007ffa3c9a0000 - 0x00007ffa3c9b4000 	C:\WINDOWS\SYSTEM32\UMPDC.dll
0x00007ffa3ba00000 - 0x00007ffa3ba1a000 	C:\WINDOWS\SYSTEM32\kernel.appcore.dll
0x00007ffa2a0f0000 - 0x00007ffa2a0fa000 	C:\Program Files\Java\jdk-22\bin\jimage.dll
0x00007ffa32390000 - 0x00007ffa325d1000 	C:\WINDOWS\SYSTEM32\DBGHELP.DLL
0x00007ffa3ecc0000 - 0x00007ffa3f035000 	C:\WINDOWS\System32\combase.dll
0x00007ffa3ddd0000 - 0x00007ffa3dea6000 	C:\WINDOWS\System32\OLEAUT32.dll
0x00007ffa24b00000 - 0x00007ffa24b39000 	C:\WINDOWS\SYSTEM32\dbgcore.DLL
0x00007ffa3ccd0000 - 0x00007ffa3cd69000 	C:\WINDOWS\System32\bcryptPrimitives.dll
0x00007ffa1dc40000 - 0x00007ffa1dc5e000 	C:\Program Files\Java\jdk-22\bin\java.dll
0x00007ffa3d660000 - 0x00007ffa3dd46000 	C:\WINDOWS\System32\SHELL32.dll
0x00007ffa3e8d0000 - 0x00007ffa3ea65000 	C:\WINDOWS\System32\ole32.dll
0x00007ffa3a9a0000 - 0x00007ffa3b1cb000 	C:\WINDOWS\SYSTEM32\windows.storage.dll
0x00007ffa3f040000 - 0x00007ffa3f113000 	C:\WINDOWS\System32\SHCORE.dll
0x00007ffa3deb0000 - 0x00007ffa3df0d000 	C:\WINDOWS\System32\shlwapi.dll
0x00007ffa3ca40000 - 0x00007ffa3ca64000 	C:\WINDOWS\SYSTEM32\profapi.dll
0x00007ffa14ba0000 - 0x00007ffa14c77000 	C:\Program Files\Java\jdk-22\bin\jsvml.dll
0x00007ffa1f450000 - 0x00007ffa1f460000 	C:\Program Files\Java\jdk-22\bin\net.dll
0x00007ffa3bec0000 - 0x00007ffa3bf28000 	C:\WINDOWS\system32\mswsock.dll
0x00007ffa1be80000 - 0x00007ffa1be96000 	C:\Program Files\Java\jdk-22\bin\nio.dll
0x00007ffa16500000 - 0x00007ffa16517000 	C:\Program Files\Java\jdk-22\bin\zip.dll

dbghelp: loaded successfully - version: 4.0.5 - missing functions: none
symbol engine: initialized successfully - sym options: 0x614 - pdb path: .;C:\Program Files\Java\jdk-22\bin;C:\WINDOWS\SYSTEM32;C:\WINDOWS\WinSxS\amd64_microsoft.windows.common-controls_6595b64144ccf1df_6.0.26085.1_none_fa4bc89212a99518;C:\Program Files\Java\jdk-22\bin\server

VM Arguments:
jvm_args: -Dfile.encoding=UTF-8 
java_command: pos.pro.Home
java_class_path (initial): C:\Users\th\OneDrive\Documents\NetBeansProjects\pos pro\lib\commons-beanutils-1.8.2.jar;C:\Users\th\OneDrive\Documents\NetBeansProjects\pos pro\lib\commons-collections-3.2.1.jar;C:\Users\th\OneDrive\Documents\NetBeansProjects\pos pro\lib\commons-digester-2.1.jar;C:\Users\th\OneDrive\Documents\NetBeansProjects\pos pro\lib\commons-javaflow-20060411.jar;C:\Users\th\OneDrive\Documents\NetBeansProjects\pos pro\lib\commons-logging-1.1.jar;C:\Users\th\OneDrive\Documents\NetBeansProjects\pos pro\lib\groovy-all-2.0.1.jar;C:\Users\th\OneDrive\Documents\NetBeansProjects\pos pro\lib\iText-2.1.7.js2.jar;C:\Users\th\OneDrive\Documents\NetBeansProjects\pos pro\lib\jasperreports-5.6.0.jar;C:\Users\th\OneDrive\Documents\NetBeansProjects\pos pro\lib\jfreechart-1.0.12.jar;C:\Users\th\OneDrive\Documents\NetBeansProjects\pos pro\lib\mysql-connector-java-5.1.22-bin.jar;C:\Users\th\OneDrive\Documents\NetBeansProjects\pos pro\lib\poi-3.7-20101029.jar;C:\Users\th\OneDrive\Documents\NetBeansProjects\pos pro\lib\flatlaf-3.4.1.jar;C:\Users\th\OneDrive\Documents\NetBeansProjects\pos pro\lib\mysql-connector-j-9.0.0.jar;C:\Users\th\OneDrive\Documents\NetBeansProjects\pos pro\build\classes
Launcher Type: SUN_STANDARD

[Global flags]
     intx CICompilerCount                          = 4                                         {product} {ergonomic}
     uint ConcGCThreads                            = 3                                         {product} {ergonomic}
     uint G1ConcRefinementThreads                  = 10                                        {product} {ergonomic}
   size_t G1HeapRegionSize                         = 1048576                                   {product} {ergonomic}
   size_t InitialHeapSize                          = 123731968                                 {product} {ergonomic}
   size_t MarkStackSize                            = 4194304                                   {product} {ergonomic}
   size_t MaxHeapSize                              = 1973420032                                {product} {ergonomic}
   size_t MaxNewSize                               = 1183842304                                {product} {ergonomic}
   size_t MinHeapDeltaBytes                        = 1048576                                   {product} {ergonomic}
   size_t MinHeapSize                              = 8388608                                   {product} {ergonomic}
    uintx NonNMethodCodeHeapSize                   = 5839372                                {pd product} {ergonomic}
    uintx NonProfiledCodeHeapSize                  = 122909434                              {pd product} {ergonomic}
    uintx ProfiledCodeHeapSize                     = 122909434                              {pd product} {ergonomic}
    uintx ReservedCodeCacheSize                    = 251658240                              {pd product} {ergonomic}
     bool SegmentedCodeCache                       = true                                      {product} {ergonomic}
   size_t SoftMaxHeapSize                          = 1973420032                             {manageable} {ergonomic}
     bool UseCompressedOops                        = true                           {product lp64_product} {ergonomic}
     bool UseG1GC                                  = true                                      {product} {ergonomic}
     bool UseLargePagesIndividualAllocation        = false                                  {pd product} {ergonomic}

Logging:
Log output configuration:
 #0: stdout all=warning uptime,level,tags foldmultilines=false
 #1: stderr all=off uptime,level,tags foldmultilines=false

Environment Variables:
PATH=C:\Program Files\Common Files\Oracle\Java\javapath;C:\ProgramData\Oracle\Java\javapath;C:\WINDOWS\system32;C:\WINDOWS;C:\WINDOWS\System32\Wbem;C:\WINDOWS\System32\WindowsPowerShell\v1.0\;C:\WINDOWS\System32\OpenSSH\;C:\Program Files\MySQL\MySQL Shell 8.0\bin\;C:\Users\th\AppData\Local\Microsoft\WindowsApps;;C:\Users\th\AppData\Local\Programs\Microsoft VS Code\bin
USERNAME=th
OS=Windows_NT
PROCESSOR_IDENTIFIER=AMD64 Family 25 Model 80 Stepping 0, AuthenticAMD
TMP=C:\Users\th\AppData\Local\Temp
TEMP=C:\Users\th\AppData\Local\Temp




Periodic native trim disabled

---------------  S Y S T E M  ---------------

OS:
 Windows 11 , 64 bit Build 26085 (10.0.26085.1)
OS uptime: 0 days 1:05 hours

CPU: total 12 (initial active 12) (12 cores per cpu, 2 threads per core) family 25 model 80 stepping 0 microcode 0xa50000f, cx8, cmov, fxsr, ht, mmx, 3dnowpref, sse, sse2, sse3, ssse3, sse4a, sse4.1, sse4.2, popcnt, lzcnt, tsc, tscinvbit, avx, avx2, aes, erms, clmul, bmi1, bmi2, adx, sha, fma, vzeroupper, clflush, clflushopt, rdtscp, rdpid, fsrm, f16c, pku, cet_ss
Processor Information for processor 0
  Max Mhz: 2301, Current Mhz: 2301, Mhz Limit: 2301
Processor Information for processor 1
  Max Mhz: 2301, Current Mhz: 2301, Mhz Limit: 2301
Processor Information for processor 2
  Max Mhz: 2301, Current Mhz: 2301, Mhz Limit: 2301
Processor Information for processor 3
  Max Mhz: 2301, Current Mhz: 2301, Mhz Limit: 2301
Processor Information for processor 4
  Max Mhz: 2301, Current Mhz: 2010, Mhz Limit: 2301
Processor Information for processor 5
  Max Mhz: 2301, Current Mhz: 2301, Mhz Limit: 2301
Processor Information for processor 6
  Max Mhz: 2301, Current Mhz: 2301, Mhz Limit: 2301
Processor Information for processor 7
  Max Mhz: 2301, Current Mhz: 2010, Mhz Limit: 2301
Processor Information for processor 8
  Max Mhz: 2301, Current Mhz: 2010, Mhz Limit: 2301
Processor Information for processor 9
  Max Mhz: 2301, Current Mhz: 2301, Mhz Limit: 2301
Processor Information for processor 10
  Max Mhz: 2301, Current Mhz: 2301, Mhz Limit: 2301
Processor Information for processor 11
  Max Mhz: 2301, Current Mhz: 2301, Mhz Limit: 2301

Memory: 4k page, system-wide physical 7520M (1001M free)
TotalPageFile size 10984M (AvailPageFile size 0M)
current process WorkingSet (physical memory assigned to process): 36M, peak: 36M
current process commit charge ("private bytes"): 198M, peak: 198M

vm_info: Java HotSpot(TM) 64-Bit Server VM (22.0.2+9-70) for windows-amd64 JRE (22.0.2+9-70), built on 2024-06-04T16:52:23Z by "mach5one" with MS VC++ 17.6 (VS2022)

END.
