#
# There is insufficient memory for the Java Runtime Environment to continue.
# Native memory allocation (mmap) failed to map 123731968 bytes. Error detail: G1 virtual space
# Possible reasons:
#   The system is out of physical RAM or swap space
#   This process is running with CompressedOops enabled, and the Java Heap may be blocking the growth of the native heap
# Possible solutions:
#   Reduce memory load on the system
#   Increase physical memory or swap space
#   Check if swap backing store is full
#   Decrease Java heap size (-Xmx/-Xms)
#   Decrease number of Java threads
#   Decrease Java thread stack sizes (-Xss)
#   Set larger code cache with -XX:ReservedCodeCacheSize=
#   JVM is running with Unscaled Compressed Oops mode in which the Java heap is
#     placed in the first 4GB address space. The Java Heap base address is the
#     maximum limit for the native heap growth. Please use -XX:HeapBaseMinAddress
#     to set the Java Heap base and to place the Java Heap above 4GB virtual address.
# This output file may be truncated or incomplete.
#
#  Out of Memory Error (os_windows.cpp:3631), pid=2116, tid=21872
#
# JRE version:  (22.0.2+9) (build )
# Java VM: Java HotSpot(TM) 64-Bit Server VM (22.0.2+9-70, mixed mode, sharing, tiered, compressed oops, compressed class ptrs, g1 gc, windows-amd64)
# No core dump will be written. Minidumps are not enabled by default on client versions of Windows
#

---------------  S U M M A R Y ------------

Command Line: -Dfile.encoding=UTF-8 pos.pro.Home

Host: AMD Ryzen 5 5625U with Radeon Graphics         , 12 cores, 7G,  Windows 11 , 64 bit Build 26085 (10.0.26085.1)
Time: Sun Oct  6 13:43:34 2024 Sri Lanka Standard Time elapsed time: 0.011333 seconds (0d 0h 0m 0s)

---------------  T H R E A D  ---------------

Current thread (0x000001cde797d2f0):  JavaThread "Unknown thread" [_thread_in_vm, id=21872, stack(0x0000001b3fb00000,0x0000001b3fc00000) (1024K)]

Stack: [0x0000001b3fb00000,0x0000001b3fc00000]
Native frames: (J=compiled Java code, j=interpreted, Vv=VM code, C=native code)
V  [jvm.dll+0x6e26e9]  (no source info available)
V  [jvm.dll+0x875753]  (no source info available)
V  [jvm.dll+0x877b7e]  (no source info available)
V  [jvm.dll+0x878253]  (no source info available)
V  [jvm.dll+0x27fc86]  (no source info available)
V  [jvm.dll+0x6ded85]  (no source info available)
V  [jvm.dll+0x6d388a]  (no source info available)
V  [jvm.dll+0x358b8a]  (no source info available)
V  [jvm.dll+0x3610b6]  (no source info available)
V  [jvm.dll+0x3b419e]  (no source info available)
V  [jvm.dll+0x3b4448]  (no source info available)
V  [jvm.dll+0x32c5ec]  (no source info available)
V  [jvm.dll+0x32d258]  (no source info available)
V  [jvm.dll+0x83d5ac]  (no source info available)
V  [jvm.dll+0x3c10d1]  (no source info available)
V  [jvm.dll+0x8264cc]  (no source info available)
V  [jvm.dll+0x45bd5e]  (no source info available)
V  [jvm.dll+0x45dbe1]  (no source info available)
C  [jli.dll+0x52a3]  (no source info available)
C  [ucrtbase.dll+0x43570]  (no source info available)
C  [KERNEL32.DLL+0x31fd7]  (no source info available)
C  [ntdll.dll+0x6d9c0]  (no source info available)


---------------  P R O C E S S  ---------------

Threads class SMR info:
_java_thread_list=0x00007ff9ccdbc1c8, length=0, elements={
}

Java Threads: ( => current thread )
Total: 0

Other Threads:
  0x000001cde9c2bb70 WorkerThread "GC Thread#0"                     [id=22068, stack(0x0000001b3fc00000,0x0000001b3fd00000) (1024K)]
  0x000001cde9c3cdd0 ConcurrentGCThread "G1 Main Marker"            [id=3180, stack(0x0000001b3fd00000,0x0000001b3fe00000) (1024K)]
  0x000001cde9c3e080 WorkerThread "G1 Conc#0"                       [id=2768, stack(0x0000001b3fe00000,0x0000001b3ff00000) (1024K)]

[error occurred during error reporting (printing all threads), id 0xc0000005, EXCEPTION_ACCESS_VIOLATION (0xc0000005) at pc=0x00007ff9cc50f517]
VM state: not at safepoint (not fully initialized)

VM Mutex/Monitor currently owned by a thread:  ([mutex/lock_event])
[0x00007ff9cce3cc80] Heap_lock - owner thread: 0x000001cde797d2f0

Heap address: 0x000000008a600000, size: 1882 MB, Compressed Oops mode: 32-bit

CDS archive(s) mapped at: [0x0000000000000000-0x0000000000000000-0x0000000000000000), size 0, SharedBaseAddress: 0x0000000800000000, ArchiveRelocationMode: 1.
Narrow klass base: 0x0000000000000000, Narrow klass shift: 0, Narrow klass range: 0x0

GC Precious Log:
 CardTable entry size: 512
 Card Set container configuration: InlinePtr #cards 5 size 8 Array Of Cards #cards 12 size 40 Howl #buckets 4 coarsen threshold 1843 Howl Bitmap #cards 512 size 80 coarsen threshold 460 Card regions per heap region 1 cards per card region 2048

Heap:
 garbage-first heap   total reserved 1927168K, committed 0K, used 0K [0x000000008a600000, 0x0000000100000000)
  region size 1024K, 0 young (0K), 0 survivors (0K)

[error occurred during error reporting (printing heap information), id 0xc0000005, EXCEPTION_ACCESS_VIOLATION (0xc0000005) at pc=0x00007ff9cc90e869]
GC Heap History (0 events):
No events

Dll operation events (1 events):
Event: 0.007 Loaded shared library C:\Program Files\Java\jdk-22\bin\java.dll

Deoptimization events (0 events):
No events

Classes loaded (0 events):
No events

Classes unloaded (0 events):
No events

Classes redefined (0 events):
No events

Internal exceptions (0 events):
No events

ZGC Phase Switch (0 events):
No events

VM Operations (0 events):
No events

Memory protections (0 events):
No events

Nmethod flushes (0 events):
No events

Events (0 events):
No events


Dynamic libraries:
0x00007ff7e08e0000 - 0x00007ff7e08f0000 	C:\Program Files\Java\jdk-22\bin\java.exe
0x00007ffa3f6d0000 - 0x00007ffa3f924000 	C:\WINDOWS\SYSTEM32\ntdll.dll
0x00007ffa3d590000 - 0x00007ffa3d657000 	C:\WINDOWS\System32\KERNEL32.DLL
0x00007ffa3ce20000 - 0x00007ffa3d1c0000 	C:\WINDOWS\System32\KERNELBASE.dll
0x00007ffa3d350000 - 0x00007ffa3d49a000 	C:\WINDOWS\System32\ucrtbase.dll
0x00007ffa29dc0000 - 0x00007ffa29ddb000 	C:\Program Files\Java\jdk-22\bin\VCRUNTIME140.dll
0x00007ffa38010000 - 0x00007ffa38027000 	C:\Program Files\Java\jdk-22\bin\jli.dll
0x00007ffa3e6b0000 - 0x00007ffa3e86f000 	C:\WINDOWS\System32\USER32.dll
0x00007ffa3d4a0000 - 0x00007ffa3d4c7000 	C:\WINDOWS\System32\win32u.dll
0x00007ffa236b0000 - 0x00007ffa23940000 	C:\WINDOWS\WinSxS\amd64_microsoft.windows.common-controls_6595b64144ccf1df_6.0.26085.1_none_fa4bc89212a99518\COMCTL32.dll
0x00007ffa3f220000 - 0x00007ffa3f24a000 	C:\WINDOWS\System32\GDI32.dll
0x00007ffa3f120000 - 0x00007ffa3f1c9000 	C:\WINDOWS\System32\msvcrt.dll
0x00007ffa3cb20000 - 0x00007ffa3cc41000 	C:\WINDOWS\System32\gdi32full.dll
0x00007ffa3cd70000 - 0x00007ffa3ce13000 	C:\WINDOWS\System32\msvcp_win.dll
0x00007ffa3e890000 - 0x00007ffa3e8bf000 	C:\WINDOWS\System32\IMM32.DLL
0x00007ffa30650000 - 0x00007ffa3065c000 	C:\Program Files\Java\jdk-22\bin\vcruntime140_1.dll
0x00007ffa151a0000 - 0x00007ffa1522e000 	C:\Program Files\Java\jdk-22\bin\msvcp140.dll
0x00007ff9cc1d0000 - 0x00007ff9ccf19000 	C:\Program Files\Java\jdk-22\bin\server\jvm.dll
0x00007ffa3e4b0000 - 0x00007ffa3e562000 	C:\WINDOWS\System32\ADVAPI32.dll
0x00007ffa3f440000 - 0x00007ffa3f4e6000 	C:\WINDOWS\System32\sechost.dll
0x00007ffa3f4f0000 - 0x00007ffa3f609000 	C:\WINDOWS\System32\RPCRT4.dll
0x00007ffa3f610000 - 0x00007ffa3f684000 	C:\WINDOWS\System32\WS2_32.dll
0x00007ffa3c9c0000 - 0x00007ffa3ca0e000 	C:\WINDOWS\SYSTEM32\POWRPROF.dll
0x00007ffa354b0000 - 0x00007ffa354e6000 	C:\WINDOWS\SYSTEM32\WINMM.dll
0x00007ffa36aa0000 - 0x00007ffa36aab000 	C:\WINDOWS\SYSTEM32\VERSION.dll
0x00007ffa3c9a0000 - 0x00007ffa3c9b4000 	C:\WINDOWS\SYSTEM32\UMPDC.dll
0x00007ffa3ba00000 - 0x00007ffa3ba1a000 	C:\WINDOWS\SYSTEM32\kernel.appcore.dll
0x00007ffa2a0f0000 - 0x00007ffa2a0fa000 	C:\Program Files\Java\jdk-22\bin\jimage.dll
0x00007ffa32390000 - 0x00007ffa325d1000 	C:\WINDOWS\SYSTEM32\DBGHELP.DLL
0x00007ffa3ecc0000 - 0x00007ffa3f035000 	C:\WINDOWS\System32\combase.dll
0x00007ffa3ddd0000 - 0x00007ffa3dea6000 	C:\WINDOWS\System32\OLEAUT32.dll
0x00007ffa24b00000 - 0x00007ffa24b39000 	C:\WINDOWS\SYSTEM32\dbgcore.DLL
0x00007ffa3ccd0000 - 0x00007ffa3cd69000 	C:\WINDOWS\System32\bcryptPrimitives.dll
0x00007ffa1dc40000 - 0x00007ffa1dc5e000 	C:\Program Files\Java\jdk-22\bin\java.dll
0x00007ffa3d660000 - 0x00007ffa3dd46000 	C:\WINDOWS\System32\SHELL32.dll
0x00007ffa3e8d0000 - 0x00007ffa3ea65000 	C:\WINDOWS\System32\ole32.dll

dbghelp: loaded successfully - version: 4.0.5 - missing functions: none
symbol engine: initialized successfully - sym options: 0x614 - pdb path: .;C:\Program Files\Java\jdk-22\bin;C:\WINDOWS\SYSTEM32;C:\WINDOWS\WinSxS\amd64_microsoft.windows.common-controls_6595b64144ccf1df_6.0.26085.1_none_fa4bc89212a99518;C:\Program Files\Java\jdk-22\bin\server

VM Arguments:
jvm_args: -Dfile.encoding=UTF-8 
java_command: pos.pro.Home
java_class_path (initial): C:\Users\th\OneDrive\Documents\NetBeansProjects\pos pro\lib\commons-beanutils-1.8.2.jar;C:\Users\th\OneDrive\Documents\NetBeansProjects\pos pro\lib\commons-collections-3.2.1.jar;C:\Users\th\OneDrive\Documents\NetBeansProjects\pos pro\lib\commons-digester-2.1.jar;C:\Users\th\OneDrive\Documents\NetBeansProjects\pos pro\lib\commons-javaflow-20060411.jar;C:\Users\th\OneDrive\Documents\NetBeansProjects\pos pro\lib\commons-logging-1.1.jar;C:\Users\th\OneDrive\Documents\NetBeansProjects\pos pro\lib\groovy-all-2.0.1.jar;C:\Users\th\OneDrive\Documents\NetBeansProjects\pos pro\lib\iText-2.1.7.js2.jar;C:\Users\th\OneDrive\Documents\NetBeansProjects\pos pro\lib\jasperreports-5.6.0.jar;C:\Users\th\OneDrive\Documents\NetBeansProjects\pos pro\lib\jfreechart-1.0.12.jar;C:\Users\th\OneDrive\Documents\NetBeansProjects\pos pro\lib\mysql-connector-java-5.1.22-bin.jar;C:\Users\th\OneDrive\Documents\NetBeansProjects\pos pro\lib\poi-3.7-20101029.jar;C:\Users\th\OneDrive\Documents\NetBeansProjects\pos pro\lib\flatlaf-3.4.1.jar;C:\Users\th\OneDrive\Documents\NetBeansProjects\pos pro\lib\mysql-connector-j-9.0.0.jar;C:\Users\th\OneDrive\Documents\NetBeansProjects\pos pro\build\classes
Launcher Type: SUN_STANDARD

[Global flags]
     intx CICompilerCount                          = 4                                         {product} {ergonomic}
     uint ConcGCThreads                            = 3                                         {product} {ergonomic}
     uint G1ConcRefinementThreads                  = 10                                        {product} {ergonomic}
   size_t G1HeapRegionSize                         = 1048576                                   {product} {ergonomic}
   size_t InitialHeapSize                          = 123731968                                 {product} {ergonomic}
   size_t MarkStackSize                            = 4194304                                   {product} {ergonomic}
   size_t MaxHeapSize                              = 1973420032                                {product} {ergonomic}
   size_t MinHeapDeltaBytes                        = 1048576                                   {product} {ergonomic}
   size_t MinHeapSize                              = 8388608                                   {product} {ergonomic}
    uintx NonNMethodCodeHeapSize                   = 5839372                                {pd product} {ergonomic}
    uintx NonProfiledCodeHeapSize                  = 122909434                              {pd product} {ergonomic}
    uintx ProfiledCodeHeapSize                     = 122909434                              {pd product} {ergonomic}
    uintx ReservedCodeCacheSize                    = 251658240                              {pd product} {ergonomic}
     bool SegmentedCodeCache                       = true                                      {product} {ergonomic}
   size_t SoftMaxHeapSize                          = 1973420032                             {manageable} {ergonomic}
     bool UseCompressedOops                        = true                           {product lp64_product} {ergonomic}
     bool UseG1GC                                  = true                                      {product} {ergonomic}
     bool UseLargePagesIndividualAllocation        = false                                  {pd product} {ergonomic}

Logging:
Log output configuration:
 #0: stdout all=warning uptime,level,tags foldmultilines=false
 #1: stderr all=off uptime,level,tags foldmultilines=false

Environment Variables:
PATH=C:\Program Files\Common Files\Oracle\Java\javapath;C:\ProgramData\Oracle\Java\javapath;C:\WINDOWS\system32;C:\WINDOWS;C:\WINDOWS\System32\Wbem;C:\WINDOWS\System32\WindowsPowerShell\v1.0\;C:\WINDOWS\System32\OpenSSH\;C:\Program Files\MySQL\MySQL Shell 8.0\bin\;C:\Users\th\AppData\Local\Microsoft\WindowsApps;;C:\Users\th\AppData\Local\Programs\Microsoft VS Code\bin
USERNAME=th
OS=Windows_NT
PROCESSOR_IDENTIFIER=AMD64 Family 25 Model 80 Stepping 0, AuthenticAMD
TMP=C:\Users\th\AppData\Local\Temp
TEMP=C:\Users\th\AppData\Local\Temp




Periodic native trim disabled

---------------  S Y S T E M  ---------------

OS:
 Windows 11 , 64 bit Build 26085 (10.0.26085.1)
OS uptime: 0 days 1:05 hours

CPU: total 12 (initial active 12) (12 cores per cpu, 2 threads per core) family 25 model 80 stepping 0 microcode 0xa50000f, cx8, cmov, fxsr, ht, mmx, 3dnowpref, sse, sse2, sse3, ssse3, sse4a, sse4.1, sse4.2, popcnt, lzcnt, tsc, tscinvbit, avx, avx2, aes, erms, clmul, bmi1, bmi2, adx, sha, fma, vzeroupper, clflush, clflushopt, rdtscp, rdpid, fsrm, f16c, pku, cet_ss
Processor Information for processor 0
  Max Mhz: 2301, Current Mhz: 2010, Mhz Limit: 2301
Processor Information for processor 1
  Max Mhz: 2301, Current Mhz: 2010, Mhz Limit: 2301
Processor Information for processor 2
  Max Mhz: 2301, Current Mhz: 2010, Mhz Limit: 2301
Processor Information for processor 3
  Max Mhz: 2301, Current Mhz: 2010, Mhz Limit: 2301
Processor Information for processor 4
  Max Mhz: 2301, Current Mhz: 2010, Mhz Limit: 2301
Processor Information for processor 5
  Max Mhz: 2301, Current Mhz: 2010, Mhz Limit: 2301
Processor Information for processor 6
  Max Mhz: 2301, Current Mhz: 2010, Mhz Limit: 2301
Processor Information for processor 7
  Max Mhz: 2301, Current Mhz: 2010, Mhz Limit: 2301
Processor Information for processor 8
  Max Mhz: 2301, Current Mhz: 2010, Mhz Limit: 2301
Processor Information for processor 9
  Max Mhz: 2301, Current Mhz: 2010, Mhz Limit: 2301
Processor Information for processor 10
  Max Mhz: 2301, Current Mhz: 2301, Mhz Limit: 2301
Processor Information for processor 11
  Max Mhz: 2301, Current Mhz: 2010, Mhz Limit: 2301

Memory: 4k page, system-wide physical 7520M (987M free)
TotalPageFile size 10984M (AvailPageFile size 102M)
current process WorkingSet (physical memory assigned to process): 13M, peak: 13M
current process commit charge ("private bytes"): 64M, peak: 182M

vm_info: Java HotSpot(TM) 64-Bit Server VM (22.0.2+9-70) for windows-amd64 JRE (22.0.2+9-70), built on 2024-06-04T16:52:23Z by "mach5one" with MS VC++ 17.6 (VS2022)

END.
